E:\KEKA\Projects\AddressBook\AddressBook\Client\dist\out-tsc\e2e\src\app.po.js
E:\KEKA\Projects\AddressBook\AddressBook\Client\dist\out-tsc\e2e\src\app.po.js.map
E:\KEKA\Projects\AddressBook\AddressBook\Client\dist\out-tsc\e2e\src\app.e2e-spec.js
E:\KEKA\Projects\AddressBook\AddressBook\Client\dist\out-tsc\e2e\src\app.e2e-spec.js.map
E:\KEKA\Projects\AddressBook\AddressBook\Client\dist\out-tsc\src\app\contact.js
E:\KEKA\Projects\AddressBook\AddressBook\Client\dist\out-tsc\src\app\contact.js.map
E:\KEKA\Projects\AddressBook\AddressBook\Client\dist\out-tsc\src\app\contact.service.js
E:\KEKA\Projects\AddressBook\AddressBook\Client\dist\out-tsc\src\app\contact.service.js.map
E:\KEKA\Projects\AddressBook\AddressBook\Client\dist\out-tsc\src\app\contact-list\add-contact\add-contact.component.js
E:\KEKA\Projects\AddressBook\AddressBook\Client\dist\out-tsc\src\app\contact-list\add-contact\add-contact.component.js.map
E:\KEKA\Projects\AddressBook\AddressBook\Client\dist\out-tsc\src\app\contact-list\contact-details\contact-details.component.js
E:\KEKA\Projects\AddressBook\AddressBook\Client\dist\out-tsc\src\app\contact-list\contact-details\contact-details.component.js.map
E:\KEKA\Projects\AddressBook\AddressBook\Client\dist\out-tsc\src\app\contact-list\contact-list.component.js
E:\KEKA\Projects\AddressBook\AddressBook\Client\dist\out-tsc\src\app\contact-list\contact-list.component.js.map
E:\KEKA\Projects\AddressBook\AddressBook\Client\dist\out-tsc\src\app\app-routing.module.js
E:\KEKA\Projects\AddressBook\AddressBook\Client\dist\out-tsc\src\app\app-routing.module.js.map
E:\KEKA\Projects\AddressBook\AddressBook\Client\dist\out-tsc\src\app\app.component.js
E:\KEKA\Projects\AddressBook\AddressBook\Client\dist\out-tsc\src\app\app.component.js.map
E:\KEKA\Projects\AddressBook\AddressBook\Client\dist\out-tsc\src\app\app.module.js
E:\KEKA\Projects\AddressBook\AddressBook\Client\dist\out-tsc\src\app\app.module.js.map
E:\KEKA\Projects\AddressBook\AddressBook\Client\dist\out-tsc\src\environments\environment.js
E:\KEKA\Projects\AddressBook\AddressBook\Client\dist\out-tsc\src\environments\environment.js.map
E:\KEKA\Projects\AddressBook\AddressBook\Client\dist\out-tsc\src\main.js
E:\KEKA\Projects\AddressBook\AddressBook\Client\dist\out-tsc\src\main.js.map
E:\KEKA\Projects\AddressBook\AddressBook\Client\dist\out-tsc\src\polyfills.js
E:\KEKA\Projects\AddressBook\AddressBook\Client\dist\out-tsc\src\polyfills.js.map
E:\KEKA\Projects\AddressBook\AddressBook\Client\dist\out-tsc\src\test.js
E:\KEKA\Projects\AddressBook\AddressBook\Client\dist\out-tsc\src\test.js.map
E:\KEKA\Projects\AddressBook\AddressBook\Client\dist\out-tsc\src\app\app.component.spec.js
E:\KEKA\Projects\AddressBook\AddressBook\Client\dist\out-tsc\src\app\app.component.spec.js.map
E:\KEKA\Projects\AddressBook\AddressBook\Client\dist\out-tsc\src\app\contact.service.spec.js
E:\KEKA\Projects\AddressBook\AddressBook\Client\dist\out-tsc\src\app\contact.service.spec.js.map
E:\KEKA\Projects\AddressBook\AddressBook\Client\dist\out-tsc\src\app\contact-list\contact-list.component.spec.js
E:\KEKA\Projects\AddressBook\AddressBook\Client\dist\out-tsc\src\app\contact-list\contact-list.component.spec.js.map
E:\KEKA\Projects\AddressBook\AddressBook\Client\dist\out-tsc\src\app\contact-list\add-contact\add-contact.component.spec.js
E:\KEKA\Projects\AddressBook\AddressBook\Client\dist\out-tsc\src\app\contact-list\add-contact\add-contact.component.spec.js.map
E:\KEKA\Projects\AddressBook\AddressBook\Client\dist\out-tsc\src\app\contact-list\contact-details\contact-details.component.spec.js
E:\KEKA\Projects\AddressBook\AddressBook\Client\dist\out-tsc\src\app\contact-list\contact-details\contact-details.component.spec.js.map
E:\KEKA\Projects\AddressBook\AddressBook\Client\dist\out-tsc\src\environments\environment.prod.js
E:\KEKA\Projects\AddressBook\AddressBook\Client\dist\out-tsc\src\environments\environment.prod.js.map
